<?xml version="1.0" encoding="UTF-8"?>
<testsuite xmlns:xsi="http://www.w3.org/2001/XMLSchema-instance" xsi:noNamespaceSchemaLocation="https://maven.apache.org/surefire/maven-surefire-plugin/xsd/surefire-test-report-3.0.xsd" version="3.0" name="TestPet" time="6.95" tests="3" errors="0" skipped="0" failures="0">
  <properties>
[...]
</properties>
  <testcase name="testPostPet" classname="TestPet" time="4.803">
    <system-out><![CDATA[Request method:	POST
Request URI:	https://petstore.swagger.io/v2/pet
Proxy:			<none>
Request params:	<none>
Query params:	<none>
Form params:	<none>
Path params:	<none>
Headers:		Accept=*/*
				Content-Type=application/json
Cookies:		<none>
Multiparts:		<none>
Body:
{
    "id": 118650001,
    "category": {
        "id": 0,
        "name": "cachorro"
    },
    "name": "Bob",
    "photoUrls": [
        
    ],
    "tags": [
        {
            "id": 9,
            "name": "vacinado"
        }
    ],
    "status": "available"
}
HTTP/1.1 200 OK
Date: Fri, 28 Feb 2025 12:49:01 GMT
Content-Type: application/json
Transfer-Encoding: chunked
Connection: keep-alive
Access-Control-Allow-Origin: *
Access-Control-Allow-Methods: GET, POST, DELETE, PUT
Access-Control-Allow-Headers: Content-Type, api_key, Authorization
Server: Jetty(9.2.9.v20150224)

{
    "id": 118650001,
    "category": {
        "id": 0,
        "name": "cachorro"
    },
    "name": "Bob",
    "photoUrls": [
        
    ],
    "tags": [
        {
            "id": 9,
            "name": "vacinado"
        }
    ],
    "status": "available"
}
]]></system-out>
  </testcase>
  <testcase name="testGetPet" classname="TestPet" time="1.04">
    <system-out><![CDATA[Request method:	GET
Request URI:	https://petstore.swagger.io/v2/pet/118650001
Proxy:			<none>
Request params:	<none>
Query params:	<none>
Form params:	<none>
Path params:	<none>
Headers:		Accept=*/*
				Content-Type=application/json
Cookies:		<none>
Multiparts:		<none>
Body:			<none>
HTTP/1.1 200 OK
Date: Fri, 28 Feb 2025 12:49:04 GMT
Content-Type: application/json
Transfer-Encoding: chunked
Connection: keep-alive
Access-Control-Allow-Origin: *
Access-Control-Allow-Methods: GET, POST, DELETE, PUT
Access-Control-Allow-Headers: Content-Type, api_key, Authorization
Server: Jetty(9.2.9.v20150224)

{
    "id": 118650001,
    "category": {
        "id": 0,
        "name": "cachorro"
    },
    "name": "Bob",
    "photoUrls": [
        
    ],
    "tags": [
        {
            "id": 9,
            "name": "vacinado"
        }
    ],
    "status": "available"
}
]]></system-out>
  </testcase>
  <testcase name="testPutPet" classname="TestPet" time="1.06">
    <system-out><![CDATA[Request method:	PUT
Request URI:	https://petstore.swagger.io/v2/pet
Proxy:			<none>
Request params:	<none>
Query params:	<none>
Form params:	<none>
Path params:	<none>
Headers:		Accept=*/*
				Content-Type=application/json
Cookies:		<none>
Multiparts:		<none>
Body:
{
    "id": 118650001,
    "category": {
        "id": 0,
        "name": "cachorro"
    },
    "name": "Bob",
    "photoUrls": [
        
    ],
    "tags": [
        {
            "id": 9,
            "name": "vacinado"
        }
    ],
    "status": "sold"
}
HTTP/1.1 200 OK
Date: Fri, 28 Feb 2025 12:49:05 GMT
Content-Type: application/json
Transfer-Encoding: chunked
Connection: keep-alive
Access-Control-Allow-Origin: *
Access-Control-Allow-Methods: GET, POST, DELETE, PUT
Access-Control-Allow-Headers: Content-Type, api_key, Authorization
Server: Jetty(9.2.9.v20150224)

{
    "id": 118650001,
    "category": {
        "id": 0,
        "name": "cachorro"
    },
    "name": "Bob",
    "photoUrls": [
        
    ],
    "tags": [
        {
            "id": 9,
            "name": "vacinado"
        }
    ],
    "status": "sold"
}
]]></system-out>
  </testcase>
</testsuite>